IGES to UG
! INFO-     NX V2212.1700 / IGES Specification 5.3
! INFO-      
! INFO-     Start of Translation: 18-OCT-2023  5:44:33 PM
! INFO-      
! STATUS-   Converting Part: C:\Users\Hasaan\Documents\CAD\Lab5_100826944\Carbody.igs
! SUMMARY-   
! SUMMARY-  Summary of Supported IGES Entities in file
! SUMMARY-   
! SUMMARY-  Entity Type                    Count
! SUMMARY-  -----------                    -----
! SUMMARY-  Line (110/0).................:     3
! SUMMARY-  Circular Arc (100/0).........:    18
! SUMMARY-  B-Spline Curve (126/0-4).....:    13
! SUMMARY-  Plane (108/-1,0,1)...........:    32
! SUMMARY-  Trans Matrix (124/0,1,10,12).:    14
! SUMMARY-  View (410/0).................:     8
! SUMMARY-  Color Definition (314/0,1)...:     5
! SUMMARY-  Name (406/15)................:    39
! SUMMARY-                                 -----
! SUMMARY-  Total                            132
! STATUS-    
! STATUS-   Converting to Output Form (Phase 2 of 3): 18-OCT-2023 5:44:33 PM
! STATUS-    
! STATUS-   Creating the UG part (Phase 3 of 3): 18-OCT-2023  5:44:33 PM
! INFO-     Filing Part ..: C:\Users\Hasaan\Documents\CAD\Lab5_100826944\Carbody_igs.prt
! SUMMARY-   
! SUMMARY-  Summary of Unigraphics Input Entities
! SUMMARY-   
! SUMMARY-  Entities Processed             Count
! SUMMARY-  ------------------             -----
! SUMMARY-  Line ........................:     3
! SUMMARY-  Arc/Circle ..................:    18
! SUMMARY-  B-Curve .....................:    13
! SUMMARY-  Part Attribute ..............:     7
! SUMMARY-  Matrix ......................:    18
! SUMMARY-  View ........................:     8
! SUMMARY-                                 -----
! SUMMARY-  Total                             67
! INFO-      
! INFO-     End of Translation: 18-OCT-2023  5:44:36 PM
! INFO-      
