IGES to UG
! INFO-     NX V2212.1700 / IGES Specification 5.3
! INFO-      
! INFO-     Start of Translation: 31-OCT-2023  10:03:27 AM
! INFO-      
! STATUS-   Converting Part: C:\Users\Hasaan\Documents\CAD\Lab6_100826944\intersect.igs
! SUMMARY-   
! SUMMARY-  Summary of Supported IGES Entities in file
! SUMMARY-   
! SUMMARY-  Entity Type                    Count
! SUMMARY-  -----------                    -----
! SUMMARY-  Plane (108/-1,0,1)...........:    32
! SUMMARY-  B-Spline Surface (128/0-9)...:     4
! SUMMARY-  Trans Matrix (124/0,1,10,12).:     7
! SUMMARY-  View (410/0).................:     8
! SUMMARY-  Name (406/15)................:     8
! SUMMARY-                                 -----
! SUMMARY-  Total                             59
! STATUS-    
! STATUS-   Converting to Output Form (Phase 2 of 3): 31-OCT-2023 10:03:27 AM
! STATUS-    
! STATUS-   Creating the UG part (Phase 3 of 3): 31-OCT-2023  10:03:27 AM
! INFO-     Filing Part ..: C:\Users\Hasaan\Documents\CAD\Lab6_100826944\intersect_igs.prt
! SUMMARY-   
! SUMMARY-  Summary of Unigraphics Input Entities
! SUMMARY-   
! SUMMARY-  Entities Processed             Count
! SUMMARY-  ------------------             -----
! SUMMARY-  Part Attribute ..............:     7
! SUMMARY-  View ........................:     8
! SUMMARY-  Solid .......................:     4
! SUMMARY-                                 -----
! SUMMARY-  Total                             19
! INFO-      
! INFO-     End of Translation: 31-OCT-2023  10:03:31 AM
! INFO-      
